# JRE version: OpenJDK Runtime Environment (8.0_152-b01) (build 1.8.0_152-release-915-b01)
# Java VM: OpenJDK 64-Bit Server VM (25.152-b01 mixed mode windows-amd64 compressed oops)
Heap:
 PSYoungGen      total 73216K, used 22035K [0x00000000e0000000, 0x00000000e6280000, 0x0000000100000000)
  eden space 62976K, 34% used [0x00000000e0000000,0x00000000e1584c30,0x00000000e3d80000)
  from space 10240K, 0% used [0x00000000e3d80000,0x00000000e3d80000,0x00000000e4780000)
  to   space 11264K, 0% used [0x00000000e5780000,0x00000000e5780000,0x00000000e6280000)
 ParOldGen       total 67584K, used 15864K [0x00000000a0000000, 0x00000000a4200000, 0x00000000e0000000)
  object space 67584K, 23% used [0x00000000a0000000,0x00000000a0f7e320,0x00000000a4200000)
 Metaspace       used 37338K, capacity 38162K, committed 38360K, reserved 1083392K
  class space    used 5025K, capacity 5317K, committed 5376K, reserved 1048576K
GC Heap History (10 events):
Event: 13.586 GC heap before
{Heap before GC invocations=7 (full 1):
 PSYoungGen      total 37888K, used 36675K [0x00000000e0000000, 0x00000000e4200000, 0x0000000100000000)
  eden space 32768K, 100% used [0x00000000e0000000,0x00000000e2000000,0x00000000e2000000)
  from space 5120K, 76% used [0x00000000e2000000,0x00000000e23d0fd8,0x00000000e2500000)
  to   space 11264K, 0% used [0x00000000e3700000,0x00000000e3700000,0x00000000e4200000)
 ParOldGen       total 67584K, used 9151K [0x00000000a0000000, 0x00000000a4200000, 0x00000000e0000000)
  object space 67584K, 13% used [0x00000000a0000000,0x00000000a08eff28,0x00000000a4200000)
 Metaspace       used 25776K, capacity 26322K, committed 26496K, reserved 1073152K
  class space    used 3517K, capacity 3686K, committed 3712K, reserved 1048576K
Event: 13.602 GC heap after
Heap after GC invocations=7 (full 1):
 PSYoungGen      total 56832K, used 5383K [0x00000000e0000000, 0x00000000e4200000, 0x0000000100000000)
  eden space 45568K, 0% used [0x00000000e0000000,0x00000000e0000000,0x00000000e2c80000)
  from space 11264K, 47% used [0x00000000e3700000,0x00000000e3c41f20,0x00000000e4200000)
  to   space 10752K, 0% used [0x00000000e2c80000,0x00000000e2c80000,0x00000000e3700000)
 ParOldGen       total 67584K, used 9159K [0x00000000a0000000, 0x00000000a4200000, 0x00000000e0000000)
  object space 67584K, 13% used [0x00000000a0000000,0x00000000a08f1f28,0x00000000a4200000)
 Metaspace       used 25776K, capacity 26322K, committed 26496K, reserved 1073152K
  class space    used 3517K, capacity 3686K, committed 3712K, reserved 1048576K
}
Event: 15.542 GC heap before
{Heap before GC invocations=8 (full 1):
 PSYoungGen      total 56832K, used 50951K [0x00000000e0000000, 0x00000000e4200000, 0x0000000100000000)
  eden space 45568K, 100% used [0x00000000e0000000,0x00000000e2c80000,0x00000000e2c80000)
  from space 11264K, 47% used [0x00000000e3700000,0x00000000e3c41f20,0x00000000e4200000)
  to   space 10752K, 0% used [0x00000000e2c80000,0x00000000e2c80000,0x00000000e3700000)
 ParOldGen       total 67584K, used 9159K [0x00000000a0000000, 0x00000000a4200000, 0x00000000e0000000)
  object space 67584K, 13% used [0x00000000a0000000,0x00000000a08f1f28,0x00000000a4200000)
 Metaspace       used 29918K, capacity 30346K, committed 30720K, reserved 1075200K
  class space    used 4085K, capacity 4238K, committed 4352K, reserved 1048576K
Event: 15.556 GC heap after
Heap after GC invocations=8 (full 1):
 PSYoungGen      total 56320K, used 7638K [0x00000000e0000000, 0x00000000e5380000, 0x0000000100000000)
  eden space 45568K, 0% used [0x00000000e0000000,0x00000000e0000000,0x00000000e2c80000)
  from space 10752K, 71% used [0x00000000e2c80000,0x00000000e33f5ae8,0x00000000e3700000)
  to   space 10752K, 0% used [0x00000000e4900000,0x00000000e4900000,0x00000000e5380000)
 ParOldGen       total 67584K, used 9167K [0x00000000a0000000, 0x00000000a4200000, 0x00000000e0000000)
  object space 67584K, 13% used [0x00000000a0000000,0x00000000a08f3f28,0x00000000a4200000)
 Metaspace       used 29918K, capacity 30346K, committed 30720K, reserved 1075200K
  class space    used 4085K, capacity 4238K, committed 4352K, reserved 1048576K
}
Event: 17.162 GC heap before
{Heap before GC invocations=9 (full 1):
 PSYoungGen      total 56320K, used 53206K [0x00000000e0000000, 0x00000000e5380000, 0x0000000100000000)
  eden space 45568K, 100% used [0x00000000e0000000,0x00000000e2c80000,0x00000000e2c80000)
  from space 10752K, 71% used [0x00000000e2c80000,0x00000000e33f5ae8,0x00000000e3700000)
  to   space 10752K, 0% used [0x00000000e4900000,0x00000000e4900000,0x00000000e5380000)
 ParOldGen       total 67584K, used 9167K [0x00000000a0000000, 0x00000000a4200000, 0x00000000e0000000)
  object space 67584K, 13% used [0x00000000a0000000,0x00000000a08f3f28,0x00000000a4200000)
 Metaspace       used 30522K, capacity 31082K, committed 31232K, reserved 1077248K
  class space    used 4140K, capacity 4334K, committed 4352K, reserved 1048576K
Event: 17.169 GC heap after
Heap after GC invocations=9 (full 1):
 PSYoungGen      total 71680K, used 5857K [0x00000000e0000000, 0x00000000e5180000, 0x0000000100000000)
  eden space 62976K, 0% used [0x00000000e0000000,0x00000000e0000000,0x00000000e3d80000)
  from space 8704K, 67% used [0x00000000e4900000,0x00000000e4eb8680,0x00000000e5180000)
  to   space 10240K, 0% used [0x00000000e3d80000,0x00000000e3d80000,0x00000000e4780000)
 ParOldGen       total 67584K, used 9239K [0x00000000a0000000, 0x00000000a4200000, 0x00000000e0000000)
  object space 67584K, 13% used [0x00000000a0000000,0x00000000a0905f38,0x00000000a4200000)
 Metaspace       used 30522K, capacity 31082K, committed 31232K, reserved 1077248K
  class space    used 4140K, capacity 4334K, committed 4352K, reserved 1048576K
}
Event: 19.166 GC heap before
{Heap before GC invocations=10 (full 1):
 PSYoungGen      total 71680K, used 34282K [0x00000000e0000000, 0x00000000e5180000, 0x0000000100000000)
  eden space 62976K, 45% used [0x00000000e0000000,0x00000000e1bc2400,0x00000000e3d80000)
  from space 8704K, 67% used [0x00000000e4900000,0x00000000e4eb8680,0x00000000e5180000)
  to   space 10240K, 0% used [0x00000000e3d80000,0x00000000e3d80000,0x00000000e4780000)
 ParOldGen       total 67584K, used 9239K [0x00000000a0000000, 0x00000000a4200000, 0x00000000e0000000)
  object space 67584K, 13% used [0x00000000a0000000,0x00000000a0905f38,0x00000000a4200000)
 Metaspace       used 34549K, capacity 35290K, committed 35416K, reserved 1079296K
  class space    used 4679K, capacity 4977K, committed 4992K, reserved 1048576K
Event: 19.184 GC heap after
Heap after GC invocations=10 (full 1):
 PSYoungGen      total 73216K, used 9697K [0x00000000e0000000, 0x00000000e6280000, 0x0000000100000000)
  eden space 62976K, 0% used [0x00000000e0000000,0x00000000e0000000,0x00000000e3d80000)
  from space 10240K, 94% used [0x00000000e3d80000,0x00000000e46f8680,0x00000000e4780000)
  to   space 11264K, 0% used [0x00000000e5780000,0x00000000e5780000,0x00000000e6280000)
 ParOldGen       total 67584K, used 9247K [0x00000000a0000000, 0x00000000a4200000, 0x00000000e0000000)
  object space 67584K, 13% used [0x00000000a0000000,0x00000000a0907f38,0x00000000a4200000)
 Metaspace       used 34549K, capacity 35290K, committed 35416K, reserved 1079296K
  class space    used 4679K, capacity 4977K, committed 4992K, reserved 1048576K
}
Event: 19.184 GC heap before
{Heap before GC invocations=11 (full 2):
 PSYoungGen      total 73216K, used 9697K [0x00000000e0000000, 0x00000000e6280000, 0x0000000100000000)
  eden space 62976K, 0% used [0x00000000e0000000,0x00000000e0000000,0x00000000e3d80000)
  from space 10240K, 94% used [0x00000000e3d80000,0x00000000e46f8680,0x00000000e4780000)
  to   space 11264K, 0% used [0x00000000e5780000,0x00000000e5780000,0x00000000e6280000)
 ParOldGen       total 67584K, used 9247K [0x00000000a0000000, 0x00000000a4200000, 0x00000000e0000000)
  object space 67584K, 13% used [0x00000000a0000000,0x00000000a0907f38,0x00000000a4200000)
 Metaspace       used 34549K, capacity 35290K, committed 35416K, reserved 1079296K
  class space    used 4679K, capacity 4977K, committed 4992K, reserved 1048576K
Event: 19.271 GC heap after
Heap after GC invocations=11 (full 2):
 PSYoungGen      total 73216K, used 0K [0x00000000e0000000, 0x00000000e6280000, 0x0000000100000000)
  eden space 62976K, 0% used [0x00000000e0000000,0x00000000e0000000,0x00000000e3d80000)
  from space 10240K, 0% used [0x00000000e3d80000,0x00000000e3d80000,0x00000000e4780000)
  to   space 11264K, 0% used [0x00000000e5780000,0x00000000e5780000,0x00000000e6280000)
 ParOldGen       total 67584K, used 15864K [0x00000000a0000000, 0x00000000a4200000, 0x00000000e0000000)
  object space 67584K, 23% used [0x00000000a0000000,0x00000000a0f7e320,0x00000000a4200000)
 Metaspace       used 34549K, capacity 35290K, committed 35416K, reserved 1079296K
  class space    used 4679K, capacity 4977K, committed 4992K, reserved 1048576K
}

